# JRE version: Java(TM) SE Runtime Environment (8.0_101-b13) (build 1.8.0_101-b13)
# Java VM: Java HotSpot(TM) 64-Bit Server VM (25.101-b13 mixed mode windows-amd64 compressed oops)
Heap:
 PSYoungGen      total 75776K, used 16640K [0x000000076b600000, 0x0000000770a80000, 0x00000007c0000000)
  eden space 65024K, 22% used [0x000000076b600000,0x000000076c408330,0x000000076f580000)
  from space 10752K, 21% used [0x0000000770000000,0x0000000770238020,0x0000000770a80000)
  to   space 10752K, 0% used [0x000000076f580000,0x000000076f580000,0x0000000770000000)
 ParOldGen       total 173568K, used 32K [0x00000006c2200000, 0x00000006ccb80000, 0x000000076b600000)
  object space 173568K, 0% used [0x00000006c2200000,0x00000006c2208000,0x00000006ccb80000)
 Metaspace       used 11665K, capacity 11878K, committed 12160K, reserved 1060864K
  class space    used 1311K, capacity 1394K, committed 1408K, reserved 1048576K
GC Heap History (4 events):
Event: 33.484 GC heap before
{Heap before GC invocations=1 (full 0):
 PSYoungGen      total 75776K, used 65024K [0x000000076b600000, 0x0000000770a80000, 0x00000007c0000000)
  eden space 65024K, 100% used [0x000000076b600000,0x000000076f580000,0x000000076f580000)
  from space 10752K, 0% used [0x0000000770000000,0x0000000770000000,0x0000000770a80000)
  to   space 10752K, 0% used [0x000000076f580000,0x000000076f580000,0x0000000770000000)
 ParOldGen       total 173568K, used 0K [0x00000006c2200000, 0x00000006ccb80000, 0x000000076b600000)
  object space 173568K, 0% used [0x00000006c2200000,0x00000006c2200000,0x00000006ccb80000)
 Metaspace       used 11484K, capacity 11684K, committed 11904K, reserved 1060864K
  class space    used 1300K, capacity 1393K, committed 1408K, reserved 1048576K
Event: 33.493 GC heap after
Heap after GC invocations=1 (full 0):
 PSYoungGen      total 75776K, used 2449K [0x000000076b600000, 0x0000000770a80000, 0x00000007c0000000)
  eden space 65024K, 0% used [0x000000076b600000,0x000000076b600000,0x000000076f580000)
  from space 10752K, 22% used [0x000000076f580000,0x000000076f7e4618,0x0000000770000000)
  to   space 10752K, 0% used [0x0000000770000000,0x0000000770000000,0x0000000770a80000)
 ParOldGen       total 173568K, used 24K [0x00000006c2200000, 0x00000006ccb80000, 0x000000076b600000)
  object space 173568K, 0% used [0x00000006c2200000,0x00000006c2206000,0x00000006ccb80000)
 Metaspace       used 11484K, capacity 11684K, committed 11904K, reserved 1060864K
  class space    used 1300K, capacity 1393K, committed 1408K, reserved 1048576K
}
Event: 87.355 GC heap before
{Heap before GC invocations=2 (full 0):
 PSYoungGen      total 75776K, used 67473K [0x000000076b600000, 0x0000000770a80000, 0x00000007c0000000)
  eden space 65024K, 100% used [0x000000076b600000,0x000000076f580000,0x000000076f580000)
  from space 10752K, 22% used [0x000000076f580000,0x000000076f7e4618,0x0000000770000000)
  to   space 10752K, 0% used [0x0000000770000000,0x0000000770000000,0x0000000770a80000)
 ParOldGen       total 173568K, used 24K [0x00000006c2200000, 0x00000006ccb80000, 0x000000076b600000)
  object space 173568K, 0% used [0x00000006c2200000,0x00000006c2206000,0x00000006ccb80000)
 Metaspace       used 11501K, capacity 11748K, committed 11904K, reserved 1060864K
  class space    used 1301K, capacity 1393K, committed 1408K, reserved 1048576K
Event: 87.359 GC heap after
Heap after GC invocations=2 (full 0):
 PSYoungGen      total 75776K, used 2272K [0x000000076b600000, 0x0000000770a80000, 0x00000007c0000000)
  eden space 65024K, 0% used [0x000000076b600000,0x000000076b600000,0x000000076f580000)
  from space 10752K, 21% used [0x0000000770000000,0x0000000770238020,0x0000000770a80000)
  to   space 10752K, 0% used [0x000000076f580000,0x000000076f580000,0x0000000770000000)
 ParOldGen       total 173568K, used 32K [0x00000006c2200000, 0x00000006ccb80000, 0x000000076b600000)
  object space 173568K, 0% used [0x00000006c2200000,0x00000006c2208000,0x00000006ccb80000)
 Metaspace       used 11501K, capacity 11748K, committed 11904K, reserved 1060864K
  class space    used 1301K, capacity 1393K, committed 1408K, reserved 1048576K
}

